<?xml version="1.0" encoding="UTF-8"?>
<coverage generated="1538506874659" clover="3.2.0">
  <project timestamp="1538506874660" name="All files">
    <metrics statements="26" coveredstatements="14" conditionals="14" coveredconditionals="5" methods="14" coveredmethods="6" elements="54" coveredelements="25" complexity="0" loc="26" ncloc="26" packages="2" files="4" classes="4">
      <package name="src">
        <metrics statements="10" coveredstatements="8" conditionals="2" coveredconditionals="2" methods="3" coveredmethods="3"/>
        <file name="App.vue" path="G:\VueCode\shopping_cart_01\src\App.vue">
          <metrics statements="8" coveredstatements="8" conditionals="2" coveredconditionals="2" methods="3" coveredmethods="3"/>
          <line num="16" count="1" type="stmt"/>
          <line num="17" count="1" type="stmt"/>
          <line num="18" count="1" type="stmt"/>
          <line num="19" count="1" type="stmt"/>
          <line num="23" count="6" type="stmt"/>
          <line num="31" count="6" type="cond" truecount="2" falsecount="0"/>
          <line num="32" count="12" type="stmt"/>
          <line num="33" count="6" type="stmt"/>
        </file>
        <file name="routes.js" path="G:\VueCode\shopping_cart_01\src\routes.js">
          <metrics statements="2" coveredstatements="0" conditionals="0" coveredconditionals="0" methods="0" coveredmethods="0"/>
          <line num="1" count="0" type="stmt"/>
          <line num="2" count="0" type="stmt"/>
        </file>
      </package>
      <package name="src.components">
        <metrics statements="16" coveredstatements="6" conditionals="12" coveredconditionals="3" methods="11" coveredmethods="3"/>
        <file name="Cart.vue" path="G:\VueCode\shopping_cart_01\src\components\Cart.vue">
          <metrics statements="10" coveredstatements="2" conditionals="3" coveredconditionals="0" methods="8" coveredmethods="0"/>
          <line num="44" count="1" type="stmt"/>
          <line num="45" count="1" type="stmt"/>
          <line num="51" count="0" type="stmt"/>
          <line num="54" count="0" type="cond" truecount="0" falsecount="3"/>
          <line num="55" count="0" type="stmt"/>
          <line num="58" count="0" type="stmt"/>
          <line num="64" count="0" type="stmt"/>
          <line num="68" count="0" type="stmt"/>
          <line num="72" count="0" type="stmt"/>
          <line num="73" count="0" type="stmt"/>
        </file>
        <file name="Product.vue" path="G:\VueCode\shopping_cart_01\src\components\Product.vue">
          <metrics statements="6" coveredstatements="4" conditionals="9" coveredconditionals="3" methods="3" coveredmethods="3"/>
          <line num="38" count="2" type="stmt"/>
          <line num="44" count="12" type="cond" truecount="3" falsecount="6"/>
          <line num="46" count="1" type="stmt"/>
          <line num="50" count="0" type="stmt"/>
          <line num="52" count="0" type="stmt"/>
          <line num="57" count="2" type="stmt"/>
        </file>
      </package>
    </metrics>
  </project>
</coverage>
