TN:
SF:G:\VueCode\shopping_cart_01\src\App.vue
FN:22,data
FN:30,totalCartValue
FN:32,sum
FNF:3
FNH:3
FNDA:6,data
FNDA:6,totalCartValue
FNDA:6,sum
DA:16,1
DA:17,1
DA:18,1
DA:19,1
DA:23,6
DA:31,6
DA:32,12
DA:33,6
LF:8
LH:8
BRDA:31,0,0,6
BRDA:31,0,1,12
BRF:2
BRH:2
end_of_record
TN:
SF:G:\VueCode\shopping_cart_01\src\routes.js
FNF:0
FNH:0
DA:1,0
DA:2,0
LF:2
LH:0
BRF:0
BRH:0
end_of_record
TN:
SF:G:\VueCode\shopping_cart_01\src\components\Cart.vue
FN:50,productQuantityInCart
FN:51,(anonymous_3)
FN:54,removeProductFromCart
FN:57,checkOut
FN:63,uniqueCartProducts
FN:67,cartIsEmpty
FN:71,totalCartProductsPrice
FN:72,sum
FNF:8
FNH:0
FNDA:0,productQuantityInCart
FNDA:0,(anonymous_3)
FNDA:0,removeProductFromCart
FNDA:0,checkOut
FNDA:0,uniqueCartProducts
FNDA:0,cartIsEmpty
FNDA:0,totalCartProductsPrice
FNDA:0,sum
DA:44,1
DA:45,1
DA:51,0
DA:54,0
DA:55,0
DA:58,0
DA:64,0
DA:68,0
DA:72,0
DA:73,0
LF:10
LH:2
BRDA:54,0,0,0
BRDA:54,0,1,0
BRDA:54,0,2,0
BRF:3
BRH:0
end_of_record
TN:
SF:G:\VueCode\shopping_cart_01\src\components\Product.vue
FN:37,data
FN:44,addProductToCart
FN:56,productInStock
FNF:3
FNH:3
FNDA:2,data
FNDA:3,addProductToCart
FNDA:2,productInStock
DA:38,2
DA:44,12
DA:46,1
DA:50,0
DA:52,0
DA:57,2
LF:6
LH:4
BRDA:44,0,0,1
BRDA:44,0,1,1
BRDA:44,0,2,0
BRDA:44,0,3,0
BRDA:44,0,4,0
BRDA:44,0,5,0
BRDA:44,0,6,0
BRDA:44,1,0,1
BRDA:44,1,1,0
BRF:9
BRH:3
end_of_record
